<?xml version="1.0" encoding="UTF-8"?>
<!-- Generated by org.testng.reporters.JUnitReportReporter -->
<testsuite hostname="PJKISHORE" failures="0" tests="1" name="com.wipro.testng.firstTest" time="5.343" errors="0" timestamp="2025-08-24T04:36:26 IST" skipped="0">
  <testcase classname="com.wipro.testng.firstTest" name="launchbrowser" time="5.343"/>
</testsuite> <!-- com.wipro.testng.firstTest -->
