<?xml version="1.0" encoding="UTF-8"?>
<!-- Generated by org.testng.reporters.JUnitReportReporter -->
<testsuite hostname="PJKISHORE" failures="0" tests="1" name="com.wipro.testng.SoftAsserts" time="14.457" errors="0" timestamp="2025-08-19T10:30:15 IST" skipped="0">
  <testcase classname="com.wipro.testng.SoftAsserts" name="testlogin" time="14.457"/>
</testsuite> <!-- com.wipro.testng.SoftAsserts -->
