<?xml version="1.0" encoding="UTF-8"?>
<!-- Generated by org.testng.reporters.JUnitReportReporter -->
<testsuite hostname="PJKISHORE" failures="0" tests="2" name="com.wipro.testng.TestNGPriorityEg" time="17.644" errors="0" timestamp="2025-08-23T13:10:45 IST" skipped="0">
  <testcase classname="com.wipro.testng.TestNGPriorityEg" name="testValidLogin" time="8.463"/>
  <testcase classname="com.wipro.testng.TestNGPriorityEg" name="testInvalidLogin" time="9.181"/>
</testsuite> <!-- com.wipro.testng.TestNGPriorityEg -->
