<?xml version="1.0" encoding="UTF-8"?>
<!-- Generated by org.testng.reporters.JUnitReportReporter -->
<testsuite hostname="PJKISHORE" failures="0" tests="1" name="com.wipro.testng.ExcelRead" time="7.326" errors="0" timestamp="2025-08-19T16:53:54 IST" skipped="0">
  <testcase classname="com.wipro.testng.ExcelRead" name="login" time="7.326"/>
</testsuite> <!-- com.wipro.testng.ExcelRead -->
