<?xml version="1.0" encoding="UTF-8"?>
<!-- Generated by org.testng.reporters.JUnitReportReporter -->
<testsuite hostname="PJKISHORE" failures="0" tests="1" name="com.wipro.testng.TestNG_ListnerTestcase" time="13.996" errors="0" timestamp="2025-08-19T11:57:11 IST" skipped="0">
  <testcase classname="com.wipro.testng.TestNG_ListnerTestcase" name="testlogin" time="13.996"/>
</testsuite> <!-- com.wipro.testng.TestNG_ListnerTestcase -->
