<?xml version="1.0" encoding="UTF-8"?>
<!-- Generated by org.testng.reporters.JUnitReportReporter -->
<testsuite hostname="PJKISHORE" failures="0" tests="2" name="com.wipro.testng.ParallelEg" time="18.356" errors="0" timestamp="2025-08-19T09:50:46 IST" skipped="0">
  <testcase classname="com.wipro.testng.ParallelEg" name="testValidLogin" time="8.712"/>
  <testcase classname="com.wipro.testng.ParallelEg" name="testInvalidLogin" time="9.644"/>
</testsuite> <!-- com.wipro.testng.ParallelEg -->
