<?xml version="1.0" encoding="UTF-8"?>
<!-- Generated by org.testng.reporters.JUnitReportReporter -->
<testsuite hostname="PJKISHORE" failures="0" tests="1" name="com.wipro.fetchdatabase.TestDataBase" time="36.087" errors="0" timestamp="2025-08-20T11:45:52 IST" skipped="0">
  <testcase classname="com.wipro.fetchdatabase.TestDataBase" name="readfromDBTest" time="36.087"/>
</testsuite> <!-- com.wipro.fetchdatabase.TestDataBase -->
