<?xml version="1.0" encoding="UTF-8"?>
<!-- Generated by org.testng.reporters.JUnitReportReporter -->
<testsuite hostname="PJKISHORE" failures="0" tests="2" name="com.wipro.testng.labtask3" time="18.833" errors="0" timestamp="2025-08-18T13:21:56 IST" skipped="0">
  <testcase classname="com.wipro.testng.labtask3" name="testValidLogin" time="9.068"/>
  <testcase classname="com.wipro.testng.labtask3" name="testInvalidLogin" time="9.765"/>
</testsuite> <!-- com.wipro.testng.labtask3 -->
