<?xml version="1.0" encoding="UTF-8"?>
<!-- Generated by org.testng.reporters.JUnitReportReporter -->
<testsuite hostname="PJKISHORE" failures="0" tests="3" name="com.wipro.testng.AnnotationsEg" time="0.014" errors="0" timestamp="2025-08-19T10:48:44 IST" skipped="0">
  <testcase classname="com.wipro.testng.AnnotationsEg" name="testcase2" time="0.002"/>
  <testcase classname="com.wipro.testng.AnnotationsEg" name="testcase1" time="0.008"/>
  <testcase classname="com.wipro.testng.AnnotationsEg" name="testcase3" time="0.004"/>
</testsuite> <!-- com.wipro.testng.AnnotationsEg -->
