<?xml version="1.0" encoding="UTF-8"?>
<!-- Generated by org.testng.reporters.JUnitReportReporter -->
<testsuite hostname="PJKISHORE" failures="0" tests="1" name="com.wipro.testng.ExcelWrite" time="8.323" errors="0" timestamp="2025-08-19T17:34:34 IST" skipped="0">
  <testcase classname="com.wipro.testng.ExcelWrite" name="login" time="8.323"/>
</testsuite> <!-- com.wipro.testng.ExcelWrite -->
