<?xml version="1.0" encoding="UTF-8"?>
<!-- Generated by org.testng.reporters.JUnitReportReporter -->
<testsuite hostname="PJKISHORE" failures="0" tests="2" name="com.wipro.testng.TestNGTestCase" time="21.628" errors="0" timestamp="2025-08-20T10:45:07 IST" skipped="0">
  <testcase classname="com.wipro.testng.TestNGTestCase" name="login" time="14.734"/>
  <testcase classname="com.wipro.testng.TestNGTestCase" name="launchbrowser" time="6.894"/>
</testsuite> <!-- com.wipro.testng.TestNGTestCase -->
